23:25:40.819 skipping bootstrap configuration: could not find or read file: classpath:karate-config.js
23:25:41.446 request:
1 > GET https://demoqa.com/BookStore/v1/Books
1 > Accept-Encoding: gzip,deflate
1 > Connection: Keep-Alive
1 > Host: demoqa.com
1 > User-Agent: Apache-HttpClient/4.5.11 (Java/1.8.0_352)

23:25:41.867 response time in milliseconds: 418.88
1 < 200
1 < Connection: keep-alive
1 < Content-Length: 4514
1 < Content-Type: application/json; charset=utf-8
1 < Date: Sat, 11 Feb 2023 20:25:42 GMT
1 < ETag: W/"11a2-8zfX++QwcgaCjSU6F8JP9fUd1tY"
1 < Server: nginx/1.17.10 (Ubuntu)
1 < X-Powered-By: Express
{"books":[{"isbn":"9781449325862","title":"Git Pocket Guide","subTitle":"A Working Introduction","author":"Richard E. Silverman","publish_date":"2020-06-04T08:48:39.000Z","publisher":"O'Reilly Media","pages":234,"description":"This pocket guide is the perfect on-the-job companion to Git, the distributed version control system. It provides a compact, readable introduction to Git for new users, as well as a reference to common commands and procedures for those of you with Git exp","website":"http://chimera.labs.oreilly.com/books/1230000000561/index.html"},{"isbn":"9781449331818","title":"Learning JavaScript Design Patterns","subTitle":"A JavaScript and jQuery Developer's Guide","author":"Addy Osmani","publish_date":"2020-06-04T09:11:40.000Z","publisher":"O'Reilly Media","pages":254,"description":"With Learning JavaScript Design Patterns, you'll learn how to write beautiful, structured, and maintainable JavaScript by applying classical and modern design patterns to the language. If you want to keep your code efficient, more manageable, and up-to-da","website":"http://www.addyosmani.com/resources/essentialjsdesignpatterns/book/"},{"isbn":"9781449337711","title":"Designing Evolvable Web APIs with ASP.NET","subTitle":"Harnessing the Power of the Web","author":"Glenn Block et al.","publish_date":"2020-06-04T09:12:43.000Z","publisher":"O'Reilly Media","pages":238,"description":"Design and build Web APIs for a broad range of clients—including browsers and mobile devices—that can adapt to change over time. This practical, hands-on guide takes you through the theory and tools you need to build evolvable HTTP services with Microsoft","website":"http://chimera.labs.oreilly.com/books/1234000001708/index.html"},{"isbn":"9781449365035","title":"Speaking JavaScript","subTitle":"An In-Depth Guide for Programmers","author":"Axel Rauschmayer","publish_date":"2014-02-01T00:00:00.000Z","publisher":"O'Reilly Media","pages":460,"description":"Like it or not, JavaScript is everywhere these days-from browser to server to mobile-and now you, too, need to learn the language or dive deeper than you have. This concise book guides you into and through JavaScript, written by a veteran programmer who o","website":"http://speakingjs.com/"},{"isbn":"9781491904244","title":"You Don't Know JS","subTitle":"ES6 & Beyond","author":"Kyle Simpson","publish_date":"2015-12-27T00:00:00.000Z","publisher":"O'Reilly Media","pages":278,"description":"No matter how much experience you have with JavaScript, odds are you don’t fully understand the language. As part of the \\\"You Don’t Know JS\\\" series, this compact guide focuses on new features available in ECMAScript 6 (ES6), the latest version of the st","website":"https://github.com/getify/You-Dont-Know-JS/tree/master/es6%20&%20beyond"},{"isbn":"9781491950296","title":"Programming JavaScript Applications","subTitle":"Robust Web Architecture with Node, HTML5, and Modern JS Libraries","author":"Eric Elliott","publish_date":"2014-07-01T00:00:00.000Z","publisher":"O'Reilly Media","pages":254,"description":"Take advantage of JavaScript's power to build robust web-scale or enterprise applications that are easy to extend and maintain. By applying the design patterns outlined in this practical book, experienced JavaScript developers will learn how to write flex","website":"http://chimera.labs.oreilly.com/books/1234000000262/index.html"},{"isbn":"9781593275846","title":"Eloquent JavaScript, Second Edition","subTitle":"A Modern Introduction to Programming","author":"Marijn Haverbeke","publish_date":"2014-12-14T00:00:00.000Z","publisher":"No Starch Press","pages":472,"description":"JavaScript lies at the heart of almost every modern web application, from social apps to the newest browser-based games. Though simple for beginners to pick up and play with, JavaScript is a flexible, complex language that you can use to build full-scale ","website":"http://eloquentjavascript.net/"},{"isbn":"9781593277574","title":"Understanding ECMAScript 6","subTitle":"The Definitive Guide for JavaScript Developers","author":"Nicholas C. Zakas","publish_date":"2016-09-03T00:00:00.000Z","publisher":"No Starch Press","pages":352,"description":"ECMAScript 6 represents the biggest update to the core of JavaScript in the history of the language. In Understanding ECMAScript 6, expert developer Nicholas C. Zakas provides a complete guide to the object types, syntax, and other exciting changes that E","website":"https://leanpub.com/understandinges6/read"}]}

23:25:41.895 [print] Richard E. Silverman
23:25:41.910 skipping bootstrap configuration: could not find or read file: classpath:karate-config.js
23:25:41.917 request:
1 > POST https://www.krafttechexlab.com/sw/api/v1/allusers/login
1 > Accept-Encoding: gzip,deflate
1 > Connection: Keep-Alive
1 > Content-Length: 43
1 > Content-Type: application/x-www-form-urlencoded; charset=UTF-8
1 > Host: www.krafttechexlab.com
1 > User-Agent: Apache-HttpClient/4.5.11 (Java/1.8.0_352)
email=user11%40test.com&password=Test123456

23:25:42.186 response time in milliseconds: 268.65
1 < 200
1 < Access-Control-Allow-Methods: POST
1 < Access-Control-Allow-Origin: *
1 < Connection: Upgrade, Keep-Alive
1 < Content-Type: application/json; charset=UTF-8
1 < Date: Sat, 11 Feb 2023 20:26:21 GMT
1 < Keep-Alive: timeout=2, max=100
1 < Server: Apache/2
1 < Upgrade: h2,h2c
1 < Vary: Accept-Encoding,User-Agent
{"token":"eyJ0eXAiOiJKV1QiLCJhbGciOiJIUzUxMiJ9.eyJhdXQiOiJhRm0iLCJsaW5rIjoia3JhZnR0ZWNoZXhsYWIuY29tIiwidXNlcmlkIjo4Mywic3RhcnQiOjE2NzU5NDQ1NjQsImVuZHMiOjE2NzY1NDkzNjR9.9iJrIwPm4JNsGnDBBXRKxnFuZqcUzYajpzkZJSza5zjkRnBOgtidhVGF0JO6aVy8heK1ceSE31Am8XUgeMzQYg"}

23:25:42.187 [print] {
  "token": "eyJ0eXAiOiJKV1QiLCJhbGciOiJIUzUxMiJ9.eyJhdXQiOiJhRm0iLCJsaW5rIjoia3JhZnR0ZWNoZXhsYWIuY29tIiwidXNlcmlkIjo4Mywic3RhcnQiOjE2NzU5NDQ1NjQsImVuZHMiOjE2NzY1NDkzNjR9.9iJrIwPm4JNsGnDBBXRKxnFuZqcUzYajpzkZJSza5zjkRnBOgtidhVGF0JO6aVy8heK1ceSE31Am8XUgeMzQYg"
}

23:25:42.205 skipping bootstrap configuration: could not find or read file: classpath:karate-config.js
23:25:42.205 [print] [
  {
    "name": "Alp",
    "role": "admin",
    "age": 30
  },
  {
    "name": "Kemal",
    "role": "admin",
    "age": 40
  }
]

23:25:42.210 [print] {
  "name": "Alp",
  "role": "admin",
  "age": 30
}

23:25:42.215 [print] Kemal
23:25:42.222 skipping bootstrap configuration: could not find or read file: classpath:karate-config.js
23:25:42.229 request:
1 > POST https://www.krafttechexlab.com/sw/api/v1/allusers/login
1 > Accept-Encoding: gzip,deflate
1 > Connection: Keep-Alive
1 > Content-Length: 43
1 > Content-Type: application/x-www-form-urlencoded; charset=UTF-8
1 > Host: www.krafttechexlab.com
1 > User-Agent: Apache-HttpClient/4.5.11 (Java/1.8.0_352)
email=user55%40test.com&password=Test123456

23:25:42.436 response time in milliseconds: 206.76
1 < 200
1 < Access-Control-Allow-Methods: POST
1 < Access-Control-Allow-Origin: *
1 < Connection: Upgrade, Keep-Alive
1 < Content-Type: application/json; charset=UTF-8
1 < Date: Sat, 11 Feb 2023 20:26:21 GMT
1 < Keep-Alive: timeout=2, max=100
1 < Server: Apache/2
1 < Upgrade: h2,h2c
1 < Vary: Accept-Encoding,User-Agent
{"token":"eyJ0eXAiOiJKV1QiLCJhbGciOiJIUzUxMiJ9.eyJhdXQiOiJhRm0iLCJsaW5rIjoia3JhZnR0ZWNoZXhsYWIuY29tIiwidXNlcmlkIjo4Nywic3RhcnQiOjE2NzU5NDQ2MTcsImVuZHMiOjE2NzY1NDk0MTd9.0WeDScUNtf7xTmdGG6FolnL9ThAKHG6KIH1JNezVb5M-VsaTY93BoRpSrK8R2D0aMQsZhBi9EMLtWz5U-aYGDg"}

23:25:42.436 [print] {
  "token": "eyJ0eXAiOiJKV1QiLCJhbGciOiJIUzUxMiJ9.eyJhdXQiOiJhRm0iLCJsaW5rIjoia3JhZnR0ZWNoZXhsYWIuY29tIiwidXNlcmlkIjo4Nywic3RhcnQiOjE2NzU5NDQ2MTcsImVuZHMiOjE2NzY1NDk0MTd9.0WeDScUNtf7xTmdGG6FolnL9ThAKHG6KIH1JNezVb5M-VsaTY93BoRpSrK8R2D0aMQsZhBi9EMLtWz5U-aYGDg"
}

23:25:42.444 request:
1 > POST https://www.krafttechexlab.com/sw/api/v1/allusers/login
1 > Accept-Encoding: gzip,deflate
1 > Connection: Keep-Alive
1 > Content-Length: 44
1 > Content-Type: application/x-www-form-urlencoded; charset=UTF-8
1 > Host: www.krafttechexlab.com
1 > User-Agent: Apache-HttpClient/4.5.11 (Java/1.8.0_352)
email=Ramanzi%40test.com&password=Test123456

23:25:42.648 response time in milliseconds: 201.93
1 < 200
1 < Access-Control-Allow-Methods: POST
1 < Access-Control-Allow-Origin: *
1 < Connection: Upgrade, Keep-Alive
1 < Content-Type: application/json; charset=UTF-8
1 < Date: Sat, 11 Feb 2023 20:26:21 GMT
1 < Keep-Alive: timeout=2, max=100
1 < Server: Apache/2
1 < Upgrade: h2,h2c
1 < Vary: Accept-Encoding,User-Agent
{"token":"eyJ0eXAiOiJKV1QiLCJhbGciOiJIUzUxMiJ9.eyJhdXQiOiJhRm0iLCJsaW5rIjoia3JhZnR0ZWNoZXhsYWIuY29tIiwidXNlcmlkIjozNiwic3RhcnQiOjE2NzU5NDQ0ODEsImVuZHMiOjE2NzY1NDkyODF9.vjvVU94rkm9lHCGe8SqAgX72G48ES8iq7p5_TrN0iSIrvLoKJFRldoGHzilxuokt1TMP8DIfkCuyrvSNKWyeeg"}

23:25:42.649 [print] {
  "token": "eyJ0eXAiOiJKV1QiLCJhbGciOiJIUzUxMiJ9.eyJhdXQiOiJhRm0iLCJsaW5rIjoia3JhZnR0ZWNoZXhsYWIuY29tIiwidXNlcmlkIjozNiwic3RhcnQiOjE2NzU5NDQ0ODEsImVuZHMiOjE2NzY1NDkyODF9.vjvVU94rkm9lHCGe8SqAgX72G48ES8iq7p5_TrN0iSIrvLoKJFRldoGHzilxuokt1TMP8DIfkCuyrvSNKWyeeg"
}

23:25:42.656 request:
1 > POST https://www.krafttechexlab.com/sw/api/v1/allusers/login
1 > Accept-Encoding: gzip,deflate
1 > Connection: Keep-Alive
1 > Content-Length: 43
1 > Content-Type: application/x-www-form-urlencoded; charset=UTF-8
1 > Host: www.krafttechexlab.com
1 > User-Agent: Apache-HttpClient/4.5.11 (Java/1.8.0_352)
email=user44%40test.com&password=Test123456

23:25:42.882 response time in milliseconds: 226.32
1 < 200
1 < Access-Control-Allow-Methods: POST
1 < Access-Control-Allow-Origin: *
1 < Connection: Upgrade, Keep-Alive
1 < Content-Type: application/json; charset=UTF-8
1 < Date: Sat, 11 Feb 2023 20:26:22 GMT
1 < Keep-Alive: timeout=2, max=100
1 < Server: Apache/2
1 < Upgrade: h2,h2c
1 < Vary: Accept-Encoding,User-Agent
{"token":"eyJ0eXAiOiJKV1QiLCJhbGciOiJIUzUxMiJ9.eyJhdXQiOiJhRm0iLCJsaW5rIjoia3JhZnR0ZWNoZXhsYWIuY29tIiwidXNlcmlkIjo4Niwic3RhcnQiOjE2NzU5NDQ2MDQsImVuZHMiOjE2NzY1NDk0MDR9.aB-yd42PCI48CRYRqqpMZhgNPV0YipLor1CAtRbOvFENzgiBUgDJPc0b2ISvvBckVmfyZWUyMnOtVZ0CZsU_qQ"}

23:25:42.883 [print] {
  "token": "eyJ0eXAiOiJKV1QiLCJhbGciOiJIUzUxMiJ9.eyJhdXQiOiJhRm0iLCJsaW5rIjoia3JhZnR0ZWNoZXhsYWIuY29tIiwidXNlcmlkIjo4Niwic3RhcnQiOjE2NzU5NDQ2MDQsImVuZHMiOjE2NzY1NDk0MDR9.aB-yd42PCI48CRYRqqpMZhgNPV0YipLor1CAtRbOvFENzgiBUgDJPc0b2ISvvBckVmfyZWUyMnOtVZ0CZsU_qQ"
}

23:25:42.891 request:
1 > POST https://www.krafttechexlab.com/sw/api/v1/allusers/login
1 > Accept-Encoding: gzip,deflate
1 > Connection: Keep-Alive
1 > Content-Length: 43
1 > Content-Type: application/x-www-form-urlencoded; charset=UTF-8
1 > Host: www.krafttechexlab.com
1 > User-Agent: Apache-HttpClient/4.5.11 (Java/1.8.0_352)
email=user66%40test.com&password=Test123456

23:25:43.184 response time in milliseconds: 291.85
1 < 200
1 < Access-Control-Allow-Methods: POST
1 < Access-Control-Allow-Origin: *
1 < Connection: Upgrade, Keep-Alive
1 < Content-Type: application/json; charset=UTF-8
1 < Date: Sat, 11 Feb 2023 20:26:22 GMT
1 < Keep-Alive: timeout=2, max=100
1 < Server: Apache/2
1 < Upgrade: h2,h2c
1 < Vary: Accept-Encoding,User-Agent
{"token":"eyJ0eXAiOiJKV1QiLCJhbGciOiJIUzUxMiJ9.eyJhdXQiOiJhRm0iLCJsaW5rIjoia3JhZnR0ZWNoZXhsYWIuY29tIiwidXNlcmlkIjo4OCwic3RhcnQiOjE2NzU5NDQ2MjcsImVuZHMiOjE2NzY1NDk0Mjd9.OwYdMOAWCoMgfGaMEkRJfeueAWVQktf68P0Q2X3cExEhK_TnFBFaXRG7nlN51yZt-aDFgBZtpxhrVzqKS_rdsA"}

23:25:43.185 [print] {
  "token": "eyJ0eXAiOiJKV1QiLCJhbGciOiJIUzUxMiJ9.eyJhdXQiOiJhRm0iLCJsaW5rIjoia3JhZnR0ZWNoZXhsYWIuY29tIiwidXNlcmlkIjo4OCwic3RhcnQiOjE2NzU5NDQ2MjcsImVuZHMiOjE2NzY1NDk0Mjd9.OwYdMOAWCoMgfGaMEkRJfeueAWVQktf68P0Q2X3cExEhK_TnFBFaXRG7nlN51yZt-aDFgBZtpxhrVzqKS_rdsA"
}

