15:03:57.719 skipping bootstrap configuration: could not find or read file: classpath:karate-config.js
15:03:57.742 [print] Hello Karate World
15:03:57.749 [print] another file print
15:03:57.755 [print] my name is Alp
15:03:57.763 [print] .......
15:03:57.778 skipping bootstrap configuration: could not find or read file: classpath:karate-config.js
15:03:57.828 [print] {
  "name": "Hasan",
  "role": "admin"
}

15:03:57.848 [print] Hasan
15:03:57.859 [print] admin
15:03:57.879 skipping bootstrap configuration: could not find or read file: classpath:karate-config.js
15:03:58.431 request:
1 > POST https://www.krafttechexlab.com/sw/api/v1/allusers/login
1 > Accept-Encoding: gzip,deflate
1 > Connection: Keep-Alive
1 > Content-Length: 48
1 > Content-Type: application/x-www-form-urlencoded; charset=UTF-8
1 > Host: www.krafttechexlab.com
1 > User-Agent: Apache-HttpClient/4.5.11 (Java/1.8.0_372)
email=KAlp8%40krafttechexlab.com&password=123467

15:03:59.329 response time in milliseconds: 897.19
1 < 200
1 < Access-Control-Allow-Methods: POST
1 < Access-Control-Allow-Origin: *
1 < Connection: Upgrade, Keep-Alive
1 < Content-Type: application/json; charset=UTF-8
1 < Date: Sun, 25 Jun 2023 12:06:42 GMT
1 < Keep-Alive: timeout=2, max=100
1 < Server: Apache/2
1 < Upgrade: h2,h2c
1 < Vary: Accept-Encoding,User-Agent
{"token":"eyJ0eXAiOiJKV1QiLCJhbGciOiJIUzUxMiJ9.eyJhdXQiOiJhRm0iLCJsaW5rIjoia3JhZnR0ZWNoZXhsYWIuY29tIiwidXNlcmlkIjo5MzIsInN0YXJ0IjoxNjg3Njk0ODAyLCJlbmRzIjoxNjg4Mjk5NjAyfQ.tMSDqctcqr8uMd14jZKDiRte9NgOum2l2MRu-v-JNTZMSvL3kOg73NmZ0zYBj0IDWXLI77QQQJOf221DGd4GAA"}

15:03:59.330 [print] {
  "token": "eyJ0eXAiOiJKV1QiLCJhbGciOiJIUzUxMiJ9.eyJhdXQiOiJhRm0iLCJsaW5rIjoia3JhZnR0ZWNoZXhsYWIuY29tIiwidXNlcmlkIjo5MzIsInN0YXJ0IjoxNjg3Njk0ODAyLCJlbmRzIjoxNjg4Mjk5NjAyfQ.tMSDqctcqr8uMd14jZKDiRte9NgOum2l2MRu-v-JNTZMSvL3kOg73NmZ0zYBj0IDWXLI77QQQJOf221DGd4GAA"
}

15:03:59.340 skipping bootstrap configuration: could not find or read file: classpath:karate-config.js
15:03:59.353 request:
1 > GET https://www.krafttechexlab.com/sw/api/v1/allusers/getbyid/1
1 > Accept-Encoding: gzip,deflate
1 > Connection: Keep-Alive
1 > Host: www.krafttechexlab.com
1 > User-Agent: Apache-HttpClient/4.5.11 (Java/1.8.0_372)

15:03:59.496 response time in milliseconds: 141.82
1 < 200
1 < Access-Control-Allow-Methods: GET
1 < Access-Control-Allow-Origin: *
1 < Connection: Upgrade, Keep-Alive
1 < Content-Type: application/json; charset=UTF-8
1 < Date: Sun, 25 Jun 2023 12:06:42 GMT
1 < Keep-Alive: timeout=2, max=100
1 < Server: Apache/2
1 < Upgrade: h2,h2c
1 < Vary: Accept-Encoding,User-Agent
[{"id":1,"name":"MercanS","email":"afmercan@gmail.com","password":"$2y$10$VOqhVBmA5aPuEyd1z7YID.SV3\/9QIFQ.dSVTGIetNUbNQx2gMFEAK","about":"About","terms":"16","date":"2022-09-12 20:50:38","job":"Manual Tester","company":"Mrcn Software","website":"https:\/\/www.krafttechexlab.com\/","location":"Turkey","skills":["PHP","Java"],"github":"aFmGit","twitter":"aFmTwitter","facebook":"aFmFace","youtube":"aFmYoutube","linkedin":"aFmLinkedin","instagram":"aFmInstagram","avatar":"1","admin":"1","education":[{"id":44,"school":"School or Bootcamp","degree":"Degree","study":"Study","description":"Program Description","fromdate":"2000-12-02","todate":"2004-12-01","date":"2022-09-25 01:03:22"},{"id":120,"school":"School","degree":"Degree","study":"Study","description":"Description","fromdate":"2020-05-05","todate":"2020-05-05","date":"2023-01-08 23:01:24"},{"id":121,"school":"School","degree":"Degree","study":"Study","description":"Description","fromdate":"2020-05-05","todate":"2020-05-05","date":"2023-01-08 23:02:06"},{"id":122,"school":"School","degree":"Degree","study":"Study","description":"Description","fromdate":"2020-05-05","todate":"2020-05-05","date":"2023-01-08 23:02:51"}],"experience":[{"id":38,"job":"Junior Developer1","company":"Kraft Techex1","location":"USA2","description":"Description2","fromdate":"2019-01-01","todate":"2022-10-09","date":"2022-09-05 18:10:26"},{"id":56,"job":"Junior Developer1","company":"Kraft Techex","location":"USA","description":"Description","fromdate":"2020-01-10","todate":"2022-10-09","date":"2022-10-09 17:52:44"},{"id":189,"job":"Junior Developer","company":"Kraft Techex","location":"USA","description":"Description","fromdate":"2000-01-01","todate":"2023-01-21","date":"2023-01-08 17:46:07"}]}]

15:03:59.497 [print] [
  {
    "date": "2022-09-12 20:50:38",
    "youtube": "aFmYoutube",
    "website": "https://www.krafttechexlab.com/",
    "github": "aFmGit",
    "education": [
      {
        "date": "2022-09-25 01:03:22",
        "study": "Study",
        "todate": "2004-12-01",
        "school": "School or Bootcamp",
        "degree": "Degree",
        "description": "Program Description",
        "id": 44,
        "fromdate": "2000-12-02"
      },
      {
        "date": "2023-01-08 23:01:24",
        "study": "Study",
        "todate": "2020-05-05",
        "school": "School",
        "degree": "Degree",
        "description": "Description",
        "id": 120,
        "fromdate": "2020-05-05"
      },
      {
        "date": "2023-01-08 23:02:06",
        "study": "Study",
        "todate": "2020-05-05",
        "school": "School",
        "degree": "Degree",
        "description": "Description",
        "id": 121,
        "fromdate": "2020-05-05"
      },
      {
        "date": "2023-01-08 23:02:51",
        "study": "Study",
        "todate": "2020-05-05",
        "school": "School",
        "degree": "Degree",
        "description": "Description",
        "id": 122,
        "fromdate": "2020-05-05"
      }
    ],
    "facebook": "aFmFace",
    "about": "About",
    "admin": "1",
    "linkedin": "aFmLinkedin",
    "instagram": "aFmInstagram",
    "avatar": "1",
    "experience": [
      {
        "date": "2022-09-05 18:10:26",
        "todate": "2022-10-09",
        "description": "Description2",
        "company": "Kraft Techex1",
        "location": "USA2",
        "id": 38,
        "job": "Junior Developer1",
        "fromdate": "2019-01-01"
      },
      {
        "date": "2022-10-09 17:52:44",
        "todate": "2022-10-09",
        "description": "Description",
        "company": "Kraft Techex",
        "location": "USA",
        "id": 56,
        "job": "Junior Developer1",
        "fromdate": "2020-01-10"
      },
      {
        "date": "2023-01-08 17:46:07",
        "todate": "2023-01-21",
        "description": "Description",
        "company": "Kraft Techex",
        "location": "USA",
        "id": 189,
        "job": "Junior Developer",
        "fromdate": "2000-01-01"
      }
    ],
    "skills": [
      "PHP",
      "Java"
    ],
    "password": "$2y$10$VOqhVBmA5aPuEyd1z7YID.SV3/9QIFQ.dSVTGIetNUbNQx2gMFEAK",
    "twitter": "aFmTwitter",
    "terms": "16",
    "name": "MercanS",
    "company": "Mrcn Software",
    "location": "Turkey",
    "id": 1,
    "job": "Manual Tester",
    "email": "afmercan@gmail.com"
  }
]

15:03:59.503 skipping bootstrap configuration: could not find or read file: classpath:karate-config.js
15:03:59.846 [print] {
  "password": "Test123456!",
  "terms": "5",
  "name": "Annis",
  "about": "Good job",
  "email": "Annis@test.com"
}

15:03:59.862 request:
1 > POST https://www.krafttechexlab.com/sw/api/v1/allusers/Register
1 > Accept: application/json; charset=UTF-8
1 > Accept-Encoding: gzip,deflate
1 > Connection: Keep-Alive
1 > Content-Length: 97
1 > Content-Type: application/json; charset=UTF-8
1 > Host: www.krafttechexlab.com
1 > User-Agent: Apache-HttpClient/4.5.11 (Java/1.8.0_372)
{"password":"Test123456!","terms":"5","name":"Annis","about":"Good job","email":"Annis@test.com"}

15:04:00.162 response time in milliseconds: 300.19
1 < 200
1 < Access-Control-Allow-Methods: POST
1 < Access-Control-Allow-Origin: *
1 < Connection: Upgrade, Keep-Alive
1 < Content-Type: application/json; charset=UTF-8
1 < Date: Sun, 25 Jun 2023 12:06:43 GMT
1 < Keep-Alive: timeout=2, max=100
1 < Server: Apache/2
1 < Upgrade: h2,h2c
1 < Vary: Accept-Encoding,User-Agent
{"id":1852,"name":"Annis","email":"Annis@test.com","password":"$2y$10$ka6jdqLhZw1vdljXpkRmSue9.\/Ci8iLuvtXY6wpktqTBtVtCllkUe","about":"Good job","terms":"5","job":null,"company":null,"website":null,"location":null,"skills":null,"github":null,"twitter":null,"facebook":null,"youtube":null,"linkedin":null,"instagram":null,"avatar":"1","admin":"0","token":"eyJ0eXAiOiJKV1QiLCJhbGciOiJIUzUxMiJ9.eyJhdXQiOiJhRm0iLCJsaW5rIjoia3JhZnR0ZWNoZXhsYWIuY29tIiwidXNlcmlkIjoiMTg1MiIsInN0YXJ0IjoxNjg3Njk0ODAzLCJlbmRzIjoxNjg4Mjk5NjAzfQ.1ciGL5_UR9bKJlOpZZr_B0ie4gNHL5swiahd7mBMVlqhF2tAQWMiD0nuJaPPo0K1mxokgctB7HncU48jmGbDEA"}

15:04:00.163 [print] {
  "youtube": null,
  "website": null,
  "github": null,
  "facebook": null,
  "about": "Good job",
  "admin": "0",
  "linkedin": null,
  "instagram": null,
  "avatar": "1",
  "token": "eyJ0eXAiOiJKV1QiLCJhbGciOiJIUzUxMiJ9.eyJhdXQiOiJhRm0iLCJsaW5rIjoia3JhZnR0ZWNoZXhsYWIuY29tIiwidXNlcmlkIjoiMTg1MiIsInN0YXJ0IjoxNjg3Njk0ODAzLCJlbmRzIjoxNjg4Mjk5NjAzfQ.1ciGL5_UR9bKJlOpZZr_B0ie4gNHL5swiahd7mBMVlqhF2tAQWMiD0nuJaPPo0K1mxokgctB7HncU48jmGbDEA",
  "skills": null,
  "password": "$2y$10$ka6jdqLhZw1vdljXpkRmSue9./Ci8iLuvtXY6wpktqTBtVtCllkUe",
  "twitter": null,
  "terms": "5",
  "name": "Annis",
  "company": null,
  "location": null,
  "id": 1852,
  "job": null,
  "email": "Annis@test.com"
}

15:04:00.168 [print] eyJ0eXAiOiJKV1QiLCJhbGciOiJIUzUxMiJ9.eyJhdXQiOiJhRm0iLCJsaW5rIjoia3JhZnR0ZWNoZXhsYWIuY29tIiwidXNlcmlkIjoiMTg1MiIsInN0YXJ0IjoxNjg3Njk0ODAzLCJlbmRzIjoxNjg4Mjk5NjAzfQ.1ciGL5_UR9bKJlOpZZr_B0ie4gNHL5swiahd7mBMVlqhF2tAQWMiD0nuJaPPo0K1mxokgctB7HncU48jmGbDEA
15:04:00.173 skipping bootstrap configuration: could not find or read file: classpath:karate-config.js
15:04:00.178 request:
1 > POST https://www.krafttechexlab.com/sw/api/v1/allusers/login
1 > Accept-Encoding: gzip,deflate
1 > Connection: Keep-Alive
1 > Content-Length: 43
1 > Content-Type: application/x-www-form-urlencoded; charset=UTF-8
1 > Host: www.krafttechexlab.com
1 > User-Agent: Apache-HttpClient/4.5.11 (Java/1.8.0_372)
email=user55%40test.com&password=Test123456

15:04:00.480 response time in milliseconds: 302.41
1 < 200
1 < Access-Control-Allow-Methods: POST
1 < Access-Control-Allow-Origin: *
1 < Connection: Upgrade, Keep-Alive
1 < Content-Type: application/json; charset=UTF-8
1 < Date: Sun, 25 Jun 2023 12:06:43 GMT
1 < Keep-Alive: timeout=2, max=100
1 < Server: Apache/2
1 < Upgrade: h2,h2c
1 < Vary: Accept-Encoding,User-Agent
{"token":"eyJ0eXAiOiJKV1QiLCJhbGciOiJIUzUxMiJ9.eyJhdXQiOiJhRm0iLCJsaW5rIjoia3JhZnR0ZWNoZXhsYWIuY29tIiwidXNlcmlkIjo4Nywic3RhcnQiOjE2ODc2OTQ4MDMsImVuZHMiOjE2ODgyOTk2MDN9.5f37tNxpYvWpRscm-uEXdjIRoZhM6FOei8z7--3IaQdgjMykLb9Xv5vfrSWFcZ5wWYHzJD8hzzxoHkdYGKM8Xw"}

15:04:00.481 [print] {
  "token": "eyJ0eXAiOiJKV1QiLCJhbGciOiJIUzUxMiJ9.eyJhdXQiOiJhRm0iLCJsaW5rIjoia3JhZnR0ZWNoZXhsYWIuY29tIiwidXNlcmlkIjo4Nywic3RhcnQiOjE2ODc2OTQ4MDMsImVuZHMiOjE2ODgyOTk2MDN9.5f37tNxpYvWpRscm-uEXdjIRoZhM6FOei8z7--3IaQdgjMykLb9Xv5vfrSWFcZ5wWYHzJD8hzzxoHkdYGKM8Xw"
}

15:04:00.485 request:
1 > POST https://www.krafttechexlab.com/sw/api/v1/allusers/login
1 > Accept-Encoding: gzip,deflate
1 > Connection: Keep-Alive
1 > Content-Length: 43
1 > Content-Type: application/x-www-form-urlencoded; charset=UTF-8
1 > Host: www.krafttechexlab.com
1 > User-Agent: Apache-HttpClient/4.5.11 (Java/1.8.0_372)
email=user22%40test.com&password=Test123456

15:04:00.774 response time in milliseconds: 287.13
1 < 200
1 < Access-Control-Allow-Methods: POST
1 < Access-Control-Allow-Origin: *
1 < Connection: Upgrade, Keep-Alive
1 < Content-Type: application/json; charset=UTF-8
1 < Date: Sun, 25 Jun 2023 12:06:44 GMT
1 < Keep-Alive: timeout=2, max=100
1 < Server: Apache/2
1 < Upgrade: h2,h2c
1 < Vary: Accept-Encoding,User-Agent
{"token":"eyJ0eXAiOiJKV1QiLCJhbGciOiJIUzUxMiJ9.eyJhdXQiOiJhRm0iLCJsaW5rIjoia3JhZnR0ZWNoZXhsYWIuY29tIiwidXNlcmlkIjo4NCwic3RhcnQiOjE2ODc2OTQ4MDMsImVuZHMiOjE2ODgyOTk2MDN9.xGBJvZtAlzWvFpMHw8vRWj8-iLEpcr7DTvCbKNooiyqPdNC5Z5asfOcVJZaE0HaDhuFzys92w0q4OrHm8EtqOw"}

15:04:00.774 [print] {
  "token": "eyJ0eXAiOiJKV1QiLCJhbGciOiJIUzUxMiJ9.eyJhdXQiOiJhRm0iLCJsaW5rIjoia3JhZnR0ZWNoZXhsYWIuY29tIiwidXNlcmlkIjo4NCwic3RhcnQiOjE2ODc2OTQ4MDMsImVuZHMiOjE2ODgyOTk2MDN9.xGBJvZtAlzWvFpMHw8vRWj8-iLEpcr7DTvCbKNooiyqPdNC5Z5asfOcVJZaE0HaDhuFzys92w0q4OrHm8EtqOw"
}

15:04:00.776 request:
1 > POST https://www.krafttechexlab.com/sw/api/v1/allusers/login
1 > Accept-Encoding: gzip,deflate
1 > Connection: Keep-Alive
1 > Content-Length: 43
1 > Content-Type: application/x-www-form-urlencoded; charset=UTF-8
1 > Host: www.krafttechexlab.com
1 > User-Agent: Apache-HttpClient/4.5.11 (Java/1.8.0_372)
email=user66%40test.com&password=Test123456

15:04:01.070 response time in milliseconds: 291.88
1 < 200
1 < Access-Control-Allow-Methods: POST
1 < Access-Control-Allow-Origin: *
1 < Connection: Upgrade, Keep-Alive
1 < Content-Type: application/json; charset=UTF-8
1 < Date: Sun, 25 Jun 2023 12:06:44 GMT
1 < Keep-Alive: timeout=2, max=100
1 < Server: Apache/2
1 < Upgrade: h2,h2c
1 < Vary: Accept-Encoding,User-Agent
{"token":"eyJ0eXAiOiJKV1QiLCJhbGciOiJIUzUxMiJ9.eyJhdXQiOiJhRm0iLCJsaW5rIjoia3JhZnR0ZWNoZXhsYWIuY29tIiwidXNlcmlkIjo4OCwic3RhcnQiOjE2ODc2OTQ4MDMsImVuZHMiOjE2ODgyOTk2MDN9.DO4iBUe0cMb9-ChmuMs-Lm4UaOiP7yLufGxZvzVVrb46zZEsI4hcEnyNDeT63XILuNkmeU2CxNl8f9dlpGcLyg"}

15:04:01.070 [print] {
  "token": "eyJ0eXAiOiJKV1QiLCJhbGciOiJIUzUxMiJ9.eyJhdXQiOiJhRm0iLCJsaW5rIjoia3JhZnR0ZWNoZXhsYWIuY29tIiwidXNlcmlkIjo4OCwic3RhcnQiOjE2ODc2OTQ4MDMsImVuZHMiOjE2ODgyOTk2MDN9.DO4iBUe0cMb9-ChmuMs-Lm4UaOiP7yLufGxZvzVVrb46zZEsI4hcEnyNDeT63XILuNkmeU2CxNl8f9dlpGcLyg"
}

9tIiwidXNlcmlkIjozNiwic3RhcnQiOjE2NzU5NDQ0ODEsImVuZHMiOjE2NzY1NDkyODF9.vjvVU94rkm9lHCGe8SqAgX72G48ES8iq7p5_TrN0iSIrvLoKJFRldoGHzilxuokt1TMP8DIfkCuyrvSNKWyeeg"}

00:06:23.768 [print] {
  "token": "eyJ0eXAiOiJKV1QiLCJhbGciOiJIUzUxMiJ9.eyJhdXQiOiJhRm0iLCJsaW5rIjoia3JhZnR0ZWNoZXhsYWIuY29tIiwidXNlcmlkIjozNiwic3RhcnQiOjE2NzU5NDQ0ODEsImVuZHMiOjE2NzY1NDkyODF9.vjvVU94rkm9lHCGe8SqAgX72G48ES8iq7p5_TrN0iSIrvLoKJFRldoGHzilxuokt1TMP8DIfkCuyrvSNKWyeeg"
}

00:06:23.774 request:
1 > POST https://www.krafttechexlab.com/sw/api/v1/allusers/login
1 > Accept-Encoding: gzip,deflate
1 > Connection: Keep-Alive
1 > Content-Length: 43
1 > Content-Type: application/x-www-form-urlencoded; charset=UTF-8
1 > Host: www.krafttechexlab.com
1 > User-Agent: Apache-HttpClient/4.5.11 (Java/1.8.0_352)
email=user11%40test.com&password=Test123456

00:06:23.993 response time in milliseconds: 217.19
1 < 200
1 < Access-Control-Allow-Methods: POST
1 < Access-Control-Allow-Origin: *
1 < Connection: Upgrade, Keep-Alive
1 < Content-Type: application/json; charset=UTF-8
1 < Date: Mon, 13 Feb 2023 21:07:05 GMT
1 < Keep-Alive: timeout=2, max=100
1 < Server: Apache/2
1 < Upgrade: h2,h2c
1 < Vary: Accept-Encoding,User-Agent
{"token":"eyJ0eXAiOiJKV1QiLCJhbGciOiJIUzUxMiJ9.eyJhdXQiOiJhRm0iLCJsaW5rIjoia3JhZnR0ZWNoZXhsYWIuY29tIiwidXNlcmlkIjo4Mywic3RhcnQiOjE2NzU5NDQ1NjQsImVuZHMiOjE2NzY1NDkzNjR9.9iJrIwPm4JNsGnDBBXRKxnFuZqcUzYajpzkZJSza5zjkRnBOgtidhVGF0JO6aVy8heK1ceSE31Am8XUgeMzQYg"}

00:06:23.993 [print] {
  "token": "eyJ0eXAiOiJKV1QiLCJhbGciOiJIUzUxMiJ9.eyJhdXQiOiJhRm0iLCJsaW5rIjoia3JhZnR0ZWNoZXhsYWIuY29tIiwidXNlcmlkIjo4Mywic3RhcnQiOjE2NzU5NDQ1NjQsImVuZHMiOjE2NzY1NDkzNjR9.9iJrIwPm4JNsGnDBBXRKxnFuZqcUzYajpzkZJSza5zjkRnBOgtidhVGF0JO6aVy8heK1ceSE31Am8XUgeMzQYg"
}

00:06:24.003 request:
1 > POST https://www.krafttechexlab.com/sw/api/v1/allusers/login
1 > Accept-Encoding: gzip,deflate
1 > Connection: Keep-Alive
1 > Content-Length: 43
1 > Content-Type: application/x-www-form-urlencoded; charset=UTF-8
1 > Host: www.krafttechexlab.com
1 > User-Agent: Apache-HttpClient/4.5.11 (Java/1.8.0_352)
email=user22%40test.com&password=Test123456

00:06:24.214 response time in milliseconds: 210.38
1 < 200
1 < Access-Control-Allow-Methods: POST
1 < Access-Control-Allow-Origin: *
1 < Connection: Upgrade, Keep-Alive
1 < Content-Type: application/json; charset=UTF-8
1 < Date: Mon, 13 Feb 2023 21:07:05 GMT
1 < Keep-Alive: timeout=2, max=100
1 < Server: Apache/2
1 < Upgrade: h2,h2c
1 < Vary: Accept-Encoding,User-Agent
{"token":"eyJ0eXAiOiJKV1QiLCJhbGciOiJIUzUxMiJ9.eyJhdXQiOiJhRm0iLCJsaW5rIjoia3JhZnR0ZWNoZXhsYWIuY29tIiwidXNlcmlkIjo4NCwic3RhcnQiOjE2NzU5NDQ1ODQsImVuZHMiOjE2NzY1NDkzODR9.Lysf5Kd3OBxz0i4zNfVgqSyQiNseOMA2Y1_CKUi8uy_8YKyqebaPaweBP3jNfqT029vcqWUdAFDpIUgvXM9Bgg"}

00:06:24.215 [print] {
  "token": "eyJ0eXAiOiJKV1QiLCJhbGciOiJIUzUxMiJ9.eyJhdXQiOiJhRm0iLCJsaW5rIjoia3JhZnR0ZWNoZXhsYWIuY29tIiwidXNlcmlkIjo4NCwic3RhcnQiOjE2NzU5NDQ1ODQsImVuZHMiOjE2NzY1NDkzODR9.Lysf5Kd3OBxz0i4zNfVgqSyQiNseOMA2Y1_CKUi8uy_8YKyqebaPaweBP3jNfqT029vcqWUdAFDpIUgvXM9Bgg"
}

00:06:24.221 request:
1 > POST https://www.krafttechexlab.com/sw/api/v1/allusers/login
1 > Accept-Encoding: gzip,deflate
1 > Connection: Keep-Alive
1 > Content-Length: 43
1 > Content-Type: application/x-www-form-urlencoded; charset=UTF-8
1 > Host: www.krafttechexlab.com
1 > User-Agent: Apache-HttpClient/4.5.11 (Java/1.8.0_352)
email=user33%40test.com&password=Test123456

00:06:24.434 response time in milliseconds: 212.72
1 < 200
1 < Access-Control-Allow-Methods: POST
1 < Access-Control-Allow-Origin: *
1 < Connection: Upgrade, Keep-Alive
1 < Content-Type: application/json; charset=UTF-8
1 < Date: Mon, 13 Feb 2023 21:07:05 GMT
1 < Keep-Alive: timeout=2, max=100
1 < Server: Apache/2
1 < Upgrade: h2,h2c
1 < Vary: Accept-Encoding,User-Agent
{"token":"eyJ0eXAiOiJKV1QiLCJhbGciOiJIUzUxMiJ9.eyJhdXQiOiJhRm0iLCJsaW5rIjoia3JhZnR0ZWNoZXhsYWIuY29tIiwidXNlcmlkIjo4NSwic3RhcnQiOjE2NzU5NDQ1OTcsImVuZHMiOjE2NzY1NDkzOTd9.mFfECOkKaNCYiInOSOl9Xjfd3uUamMA-no-tUeEUlHzBQPI0be4xI7NXmGjpGIAFLGsxCznYVpzpzIMSuje3-w"}

00:06:24.435 [print] {
  "token": "eyJ0eXAiOiJKV1QiLCJhbGciOiJIUzUxMiJ9.eyJhdXQiOiJhRm0iLCJsaW5rIjoia3JhZnR0ZWNoZXhsYWIuY29tIiwidXNlcmlkIjo4NSwic3RhcnQiOjE2NzU5NDQ1OTcsImVuZHMiOjE2NzY1NDkzOTd9.mFfECOkKaNCYiInOSOl9Xjfd3uUamMA-no-tUeEUlHzBQPI0be4xI7NXmGjpGIAFLGsxCznYVpzpzIMSuje3-w"
}

00:06:24.440 request:
1 > POST https://www.krafttechexlab.com/sw/api/v1/allusers/login
1 > Accept-Encoding: gzip,deflate
1 > Connection: Keep-Alive
1 > Content-Length: 43
1 > Content-Type: application/x-www-form-urlencoded; charset=UTF-8
1 > Host: www.krafttechexlab.com
1 > User-Agent: Apache-HttpClient/4.5.11 (Java/1.8.0_352)
email=user44%40test.com&password=Test123456

00:06:24.651 response time in milliseconds: 210.96
1 < 200
1 < Access-Control-Allow-Methods: POST
1 < Access-Control-Allow-Origin: *
1 < Connection: Upgrade, Keep-Alive
1 < Content-Type: application/json; charset=UTF-8
1 < Date: Mon, 13 Feb 2023 21:07:05 GMT
1 < Keep-Alive: timeout=2, max=100
1 < Server: Apache/2
1 < Upgrade: h2,h2c
1 < Vary: Accept-Encoding,User-Agent
{"token":"eyJ0eXAiOiJKV1QiLCJhbGciOiJIUzUxMiJ9.eyJhdXQiOiJhRm0iLCJsaW5rIjoia3JhZnR0ZWNoZXhsYWIuY29tIiwidXNlcmlkIjo4Niwic3RhcnQiOjE2NzU5NDQ2MDQsImVuZHMiOjE2NzY1NDk0MDR9.aB-yd42PCI48CRYRqqpMZhgNPV0YipLor1CAtRbOvFENzgiBUgDJPc0b2ISvvBckVmfyZWUyMnOtVZ0CZsU_qQ"}

00:06:24.651 [print] {
  "token": "eyJ0eXAiOiJKV1QiLCJhbGciOiJIUzUxMiJ9.eyJhdXQiOiJhRm0iLCJsaW5rIjoia3JhZnR0ZWNoZXhsYWIuY29tIiwidXNlcmlkIjo4Niwic3RhcnQiOjE2NzU5NDQ2MDQsImVuZHMiOjE2NzY1NDk0MDR9.aB-yd42PCI48CRYRqqpMZhgNPV0YipLor1CAtRbOvFENzgiBUgDJPc0b2ISvvBckVmfyZWUyMnOtVZ0CZsU_qQ"
}

00:06:24.656 request:
1 > POST https://www.krafttechexlab.com/sw/api/v1/allusers/login
1 > Accept-Encoding: gzip,deflate
1 > Connection: Keep-Alive
1 > Content-Length: 43
1 > Content-Type: application/x-www-form-urlencoded; charset=UTF-8
1 > Host: www.krafttechexlab.com
1 > User-Agent: Apache-HttpClient/4.5.11 (Java/1.8.0_352)
email=user55%40test.com&password=Test123456

00:06:24.872 response time in milliseconds: 213.86
1 < 200
1 < Access-Control-Allow-Methods: POST
1 < Access-Control-Allow-Origin: *
1 < Connection: Upgrade, Keep-Alive
1 < Content-Type: application/json; charset=UTF-8
1 < Date: Mon, 13 Feb 2023 21:07:06 GMT
1 < Keep-Alive: timeout=2, max=100
1 < Server: Apache/2
1 < Upgrade: h2,h2c
1 < Vary: Accept-Encoding,User-Agent
{"token":"eyJ0eXAiOiJKV1QiLCJhbGciOiJIUzUxMiJ9.eyJhdXQiOiJhRm0iLCJsaW5rIjoia3JhZnR0ZWNoZXhsYWIuY29tIiwidXNlcmlkIjo4Nywic3RhcnQiOjE2NzU5NDQ2MTcsImVuZHMiOjE2NzY1NDk0MTd9.0WeDScUNtf7xTmdGG6FolnL9ThAKHG6KIH1JNezVb5M-VsaTY93BoRpSrK8R2D0aMQsZhBi9EMLtWz5U-aYGDg"}

00:06:24.872 [print] {
  "token": "eyJ0eXAiOiJKV1QiLCJhbGciOiJIUzUxMiJ9.eyJhdXQiOiJhRm0iLCJsaW5rIjoia3JhZnR0ZWNoZXhsYWIuY29tIiwidXNlcmlkIjo4Nywic3RhcnQiOjE2NzU5NDQ2MTcsImVuZHMiOjE2NzY1NDk0MTd9.0WeDScUNtf7xTmdGG6FolnL9ThAKHG6KIH1JNezVb5M-VsaTY93BoRpSrK8R2D0aMQsZhBi9EMLtWz5U-aYGDg"
}

00:06:24.878 request:
1 > POST https://www.krafttechexlab.com/sw/api/v1/allusers/login
1 > Accept-Encoding: gzip,deflate
1 > Connection: Keep-Alive
1 > Content-Length: 43
1 > Content-Type: application/x-www-form-urlencoded; charset=UTF-8
1 > Host: www.krafttechexlab.com
1 > User-Agent: Apache-HttpClient/4.5.11 (Java/1.8.0_352)
email=user66%40test.com&password=Test123456

00:06:25.097 response time in milliseconds: 218.23
1 < 200
1 < Access-Control-Allow-Methods: POST
1 < Access-Control-Allow-Origin: *
1 < Connection: Upgrade, Keep-Alive
1 < Content-Type: application/json; charset=UTF-8
1 < Date: Mon, 13 Feb 2023 21:07:06 GMT
1 < Keep-Alive: timeout=2, max=100
1 < Server: Apache/2
1 < Upgrade: h2,h2c
1 < Vary: Accept-Encoding,User-Agent
{"token":"eyJ0eXAiOiJKV1QiLCJhbGciOiJIUzUxMiJ9.eyJhdXQiOiJhRm0iLCJsaW5rIjoia3JhZnR0ZWNoZXhsYWIuY29tIiwidXNlcmlkIjo4OCwic3RhcnQiOjE2NzU5NDQ2MjcsImVuZHMiOjE2NzY1NDk0Mjd9.OwYdMOAWCoMgfGaMEkRJfeueAWVQktf68P0Q2X3cExEhK_TnFBFaXRG7nlN51yZt-aDFgBZtpxhrVzqKS_rdsA"}

00:06:25.099 [print] {
  "token": "eyJ0eXAiOiJKV1QiLCJhbGciOiJIUzUxMiJ9.eyJhdXQiOiJhRm0iLCJsaW5rIjoia3JhZnR0ZWNoZXhsYWIuY29tIiwidXNlcmlkIjo4OCwic3RhcnQiOjE2NzU5NDQ2MjcsImVuZHMiOjE2NzY1NDk0Mjd9.OwYdMOAWCoMgfGaMEkRJfeueAWVQktf68P0Q2X3cExEhK_TnFBFaXRG7nlN51yZt-aDFgBZtpxhrVzqKS_rdsA"
}

n","fromdate":"2022-12-25","todate":"2023-02-02","date":"2023-02-02 20:49:43"},{"id":394,"job":"Developer \u0130n Test","company":"Mitchell and Sons","location":"Zacharyberg","description":"Description","fromdate":"2022-12-25","todate":"2023-02-02","date":"2023-02-02 20:50:03"},{"id":399,"job":"Developer \u0130n Test","company":"Koch Inc","location":"Powlowskiberg","description":"Description","fromdate":"2022-12-25","todate":"2023-02-02","date":"2023-02-02 20:51:07"},{"id":400,"job":"Developer \u0130n Test","company":"Lowe, Kulas and O'Connell","location":"Cheektowaga","description":"Description","fromdate":"2022-12-25","todate":"2023-02-02","date":"2023-02-02 20:51:46"},{"id":411,"job":"Developer \u0130n Test","company":"Marquardt, Mills and Reichert","location":"Port Donavon","description":"Description","fromdate":"2022-12-25","todate":"2023-02-02","date":"2023-02-02 20:56:44"},{"id":412,"job":"Developer \u0130n Test","company":"Sauer - Barton","location":"Rodriguezchester","description":"Description","fromdate":"2022-12-25","todate":"2023-02-02","date":"2023-02-02 20:57:05"},{"id":415,"job":"Developer \u0130n Test","company":"Dicki, Gislason and Ruecker","location":"South Seanburgh","description":"Description","fromdate":"2022-12-25","todate":"2023-02-02","date":"2023-02-02 20:57:55"},{"id":419,"job":"Developer \u0130n Test","company":"McCullough - Fritsch","location":"Dietrichland","description":"Description","fromdate":"2022-12-25","todate":"2023-02-02","date":"2023-02-02 20:58:19"},{"id":424,"job":"Developer \u0130n Test","company":"Cassin - Klocko","location":"Tucson","description":"Description","fromdate":"2022-12-25","todate":"2023-02-02","date":"2023-02-02 20:59:05"},{"id":425,"job":"Developer \u0130n Test","company":"Pfeffer, Cummerata and Farrell","location":"Caterinachester","description":"Description","fromdate":"2022-12-25","todate":"2023-02-02","date":"2023-02-02 20:59:17"},{"id":427,"job":"Developer \u0130n Test","company":"Sanford, Hintz and Hermiston","location":"Ileneborough","description":"Description","fromdate":"2022-12-25","todate":"2023-02-02","date":"2023-02-02 21:00:00"}]},{"id":381,"name":"aFm03","email":"aliveli3@krafttechexlab.com","password":"$2y$10$9Q5A1u6cvAykShmZ1XGmR.Q8m2lnOhqNc8vPAsh86kf20CGDVIp5u","about":"About","terms":"2","date":"2023-02-01 20:41:08","job":"Developer","company":"Mrcn Software03","website":"https:\/\/www.krafttechexlab.com\/","location":"Turkey","skills":["PHP","Java"],"github":null,"twitter":null,"facebook":null,"youtube":null,"linkedin":null,"instagram":null,"avatar":"1","admin":"0 or 1","education":[],"experience":[]},{"id":385,"name":"aJesus Lynch","email":"Reynold_Brown@hotmail.com","password":"$2y$10$OgL8dLthUEJozLuYAdV8Mel6jxVVKzKrp1zw7Oow\/9Q4Ez.Lsu0Lu","about":"About","terms":"2","date":"2023-02-01 20:43:39","job":"Developer","company":"Lehner - Beahan","website":"https:\/\/vidal.info","location":"Turkey","skills":["PHP","Java"],"github":null,"twitter":null,"facebook":null,"youtube":null,"linkedin":null,"instagram":null,"avatar":"1","admin":"0 or 1","education":[],"experience":[{"id":294,"job":"SDET","company":"Ms.Kraft ","location":"Port Elsetown","description":"Description","fromdate":"2011-08-08","todate":"2012-08-08","date":"2023-02-01 21:48:36"},{"id":325,"job":"Junior Developer","company":"Mr.Kraft","location":"Bristol","description":"Description","fromdate":"2011-08-08","todate":"2012-08-08","date":"2023-02-02 20:41:26"}]},{"id":389,"name":"Mr. Ronald Raynor","email":"Stone_Rutherford@gmail.com","password":"$2y$10$wVZW9iEhClJpqH7aWhpWRu1HIrSr.g\/.weCY3SY.sm8o.faVbCuJS","about":"About","terms":"2","date":"2023-02-01 20:59:03","job":"Developer","company":"Walter Inc","website":"https:\/\/alayna.biz","location":"Turkey","skills":["PHP","Java"],"github":null,"twitter":null,"facebook":null,"youtube":null,"linkedin":null,"instagram":null,"avatar":"1","admin":"0 or 1","education":[{"id":323,"school":"McGlynn and Sons school","degree":"phd","study":"ARCHIVE","description":"Description","fromdate":"2011-12-11","todate":"2011-10-23","date":"2023-02-02 22:02:38"}],"experience":[{"id":299,"job":"Junior Developer","company":"McGlynn - Runolfsdottir","location":"North Miraclemouth","description":"Description","fromdate":"2012-01-01","todate":"2012-01-11","date":"2023-02-01 21:50:29"},{"id":300,"job":"Junior Developer","company":"Huels, Thiel and Hoeger","location":"North Zane","description":"Description","fromdate":"2012-01-01","todate":"2012-01-11","date":"2023-02-01 21:54:12"},{"id":472,"job":"Junior Developer","company":"McGlynn, Beahan and Hettinger","location":"Rosenbaumshire","description":"Description","fromdate":"2012-01-01","todate":"2012-01-11","date":"2023-02-02 21:54:06"},{"id":491,"job":"Junior Developer","company":"Runolfsson, Runolfsson and Beier","location":"Vallejo","description":"Description","fromdate":"2012-01-01","todate":"2012-01-11","date":"2023-02-02 22:07:42"}]},{"id":393,"name":"Antonio Haley","email":"Ari77@hotmail.com","password":"$2y$10$JYpWmp9GVVhzD\/RkCl5NauC4kBCWW3HSJ01jstqhP0K.8DamQleQG","about":"About","terms":"2","date":"2023-02-02 11:56:40","job":"Developer","company":"Bergstrom Group","website":"https:\/\/odessa.com","location":"Alessandrafurt","skills":["PHP","Java"],"github":null,"twitter":null,"facebook":null,"youtube":null,"linkedin":null,"instagram":null,"avatar":"1","admin":"0 or 1","education":[],"experience":[{"id":310,"job":"SDET","company":"Mr.Kraft ","location":"North Zolaton","description":"Description","fromdate":"2011-08-08","todate":"2012-08-08","date":"2023-02-02 16:06:21"}]},{"id":398,"name":"Ashley Nolan","email":"Anne_Wehner11@hotmail.com","password":"$2y$10$zCi7dMLIX0NNLnbxW8kqFuOkcapMbBN0IbujdIdVeXflWZ4hJNtjq","about":"About","terms":"2","date":"2023-02-02 16:47:59","job":"Developer","company":"Murray Group","website":"http:\/\/manuel.info","location":"West Trevorton","skills":["PHP","Java"],"github":null,"twitter":null,"facebook":null,"youtube":null,"linkedin":null,"instagram":null,"avatar":"1","admin":"0 or 1","education":[],"experience":[{"id":329,"job":"SDET","company":"Ms.Kraftech ","location":"Draper","description":"Description","fromdate":"2011-08-08","todate":"2012-08-08","date":"2023-02-02 20:41:33"}]},{"id":400,"name":"Robin Lubowitz","email":"Mertie72@yahoo.com","password":"$2y$10$xgSQON2tiRQTqckkVoKdm.svSmeI01dBKdCqxEIJepLZAfExt4KO2","about":"About","terms":"2","date":"2023-02-02 17:12:44","job":"Developer","company":"Tremblay Group","website":"https:\/\/www.krafttechexlab.com\/","location":"Turkey","skills":["PHP","Java"],"github":null,"twitter":null,"facebook":null,"youtube":null,"linkedin":null,"instagram":null,"avatar":"1","admin":"0 or 1","education":[],"experience":[]},{"id":430,"name":"Ashley Nolan","email":"Reyes29@hotmail.com","password":"$2y$10$7\/l.cn9x8YA.t8\/R5POayu7Zt.AZOP5Q00eQ1QC8xYi0Fv2FU8ZFy","about":"About","terms":"2","date":"2023-02-02 20:51:35","job":"Developer","company":"White Group","website":"http:\/\/elody.org","location":"New Lafayette","skills":["PHP","Java"],"github":null,"twitter":null,"facebook":null,"youtube":null,"linkedin":null,"instagram":null,"avatar":"1","admin":"0 or 1","education":[],"experience":[]},{"id":434,"name":"Mattie Gorczany","email":"Tremaine.Hane64@yahoo.com","password":"$2y$10$uvPOkSyKHSGqq\/IcVRNvH.jLNl6PseJSbZfmcVTSqwL6nb3PCPLWS","about":"About","terms":"2","date":"2023-02-02 20:52:12","job":"Developer","company":"Grant Inc","website":"https:\/\/ryann.info","location":"Roseville","skills":["PHP","Java"],"github":null,"twitter":null,"facebook":null,"youtube":null,"linkedin":null,"instagram":null,"avatar":"1","admin":"0 or 1","education":[],"experience":[]},{"id":449,"name":"Ashley Nolan","email":"Marilie_Roberts@gmail.com","password":"$2y$10$5Sx\/FCj2V2SsZNSX.BSxlOyrfqdACOFoWNnADyQjxUGWJBsJupZLq","about":"About","terms":"2","date":"2023-02-02 20:53:08","job":"Developer","company":"Dickinson - Nader","website":"https:\/\/terrance.net","location":"Lake Reinaberg","skills":["PHP","Java"],"github":null,"twitter":null,"facebook":null,"youtube":null,"linkedin":null,"instagram":null,"avatar":"1","admin":"0 or 1","education":[],"experience":[]},{"id":452,"name":"Ashley Nolan","email":"Jennifer.Lehner20@yahoo.com","password":"$2y$10$OABXG62eTHQeWJsaHTl2a.Mm1FKXHWGzMj1TFABCEDVzja4OVb8U.","about":"About","terms":"2","date":"2023-02-02 20:53:13","job":"Developer","company":"Waelchi LLC","website":"http:\/\/martine.name","location":"Carleestad","skills":["PHP","Java"],"github":null,"twitter":null,"facebook":null,"youtube":null,"linkedin":null,"instagram":null,"avatar":"1","admin":"0 or 1","education":[],"experience":[]}]

00:02:37.859 [print] MercanS
00:02:37.867 [print] [
  "PHP",
  "Java"
]

